Using pre-set license
Built from '2021.3/staging' branch; Version is '2021.3.3f1 (af2e63e8f9bd) revision 11480675'; Using compiler version '192829333'; Build Type 'Release'
OS: 'Windows 11  (10.0.22621) 64bit Core' Language: 'es' Physical Memory: 32588 MB
BatchMode: 1, IsHumanControllingUs: 0, StartBugReporterOnCrash: 0, Is64bit: 1, IsPro: 1

COMMAND LINE ARGUMENTS:
C:\Program Files\Unity\Hub\Editor\2021.3.3f1\Editor\Unity.exe
-adb2
-batchMode
-noUpm
-name
AssetImportWorker0
-projectPath
C:/Users/fidel/Documents/octavo semestre/programacion de videojuegos/PLA
-logFile
Logs/AssetImportWorker0.log
-srvPort
65080
Successfully changed project path to: C:/Users/fidel/Documents/octavo semestre/programacion de videojuegos/PLA
C:/Users/fidel/Documents/octavo semestre/programacion de videojuegos/PLA
[UnityMemory] Configuration Parameters - Can be set up in boot.config
    "memorysetup-bucket-allocator-granularity=16"
    "memorysetup-bucket-allocator-bucket-count=8"
    "memorysetup-bucket-allocator-block-size=33554432"
    "memorysetup-bucket-allocator-block-count=8"
    "memorysetup-main-allocator-block-size=16777216"
    "memorysetup-thread-allocator-block-size=16777216"
    "memorysetup-gfx-main-allocator-block-size=16777216"
    "memorysetup-gfx-thread-allocator-block-size=16777216"
    "memorysetup-cache-allocator-block-size=4194304"
    "memorysetup-typetree-allocator-block-size=2097152"
    "memorysetup-profiler-bucket-allocator-granularity=16"
    "memorysetup-profiler-bucket-allocator-bucket-count=8"
    "memorysetup-profiler-bucket-allocator-block-size=33554432"
    "memorysetup-profiler-bucket-allocator-block-count=8"
    "memorysetup-profiler-allocator-block-size=16777216"
    "memorysetup-profiler-editor-allocator-block-size=1048576"
    "memorysetup-temp-allocator-size-main=16777216"
    "memorysetup-job-temp-allocator-block-size=2097152"
    "memorysetup-job-temp-allocator-block-size-background=1048576"
    "memorysetup-job-temp-allocator-reduction-small-platforms=262144"
    "memorysetup-temp-allocator-size-background-worker=32768"
    "memorysetup-temp-allocator-size-job-worker=262144"
    "memorysetup-temp-allocator-size-preload-manager=33554432"
    "memorysetup-temp-allocator-size-nav-mesh-worker=65536"
    "memorysetup-temp-allocator-size-audio-worker=65536"
    "memorysetup-temp-allocator-size-cloud-worker=32768"
    "memorysetup-temp-allocator-size-gi-baking-worker=262144"
    "memorysetup-temp-allocator-size-gfx=262144"
Refreshing native plugins compatible for Editor in 85.53 ms, found 3 plugins.
Preloading 0 native plugins for Editor in 0.00 ms.
Initialize engine version: 2021.3.3f1 (af2e63e8f9bd)
[Subsystems] Discovering subsystems at path C:/Program Files/Unity/Hub/Editor/2021.3.3f1/Editor/Data/Resources/UnitySubsystems
[Subsystems] Discovering subsystems at path C:/Users/fidel/Documents/octavo semestre/programacion de videojuegos/PLA/Assets
GfxDevice: creating device client; threaded=0; jobified=0
Direct3D:
    Version:  Direct3D 11.0 [level 11.1]
    Renderer: NVIDIA GeForce GTX 1660 Ti (ID=0x2191)
    Vendor:   NVIDIA
    VRAM:     5979 MB
    Driver:   31.0.15.3168
Initialize mono
Mono path[0] = 'C:/Program Files/Unity/Hub/Editor/2021.3.3f1/Editor/Data/Managed'
Mono path[1] = 'C:/Program Files/Unity/Hub/Editor/2021.3.3f1/Editor/Data/MonoBleedingEdge/lib/mono/unityjit-win32'
Mono config path = 'C:/Program Files/Unity/Hub/Editor/2021.3.3f1/Editor/Data/MonoBleedingEdge/etc'
Using monoOptions --debugger-agent=transport=dt_socket,embedding=1,server=y,suspend=n,address=127.0.0.1:56404
Begin MonoManager ReloadAssembly
Registering precompiled unity dll's ...
Register platform support module: C:/Program Files/Unity/Hub/Editor/2021.3.3f1/Editor/Data/PlaybackEngines/WebGLSupport/UnityEditor.WebGL.Extensions.dll
Register platform support module: C:/Program Files/Unity/Hub/Editor/2021.3.3f1/Editor/Data/PlaybackEngines/WindowsStandaloneSupport/UnityEditor.WindowsStandalone.Extensions.dll
Registered in 0.006723 seconds.
Native extension for WindowsStandalone target not found
Native extension for WebGL target not found
Refreshing native plugins compatible for Editor in 75.61 ms, found 3 plugins.
Preloading 0 native plugins for Editor in 0.00 ms.
Mono: successfully reloaded assembly
- Completed reload, in  0.612 seconds
Domain Reload Profiling:
	ReloadAssembly (613ms)
		BeginReloadAssembly (74ms)
			ExecutionOrderSort (0ms)
			DisableScriptedObjects (0ms)
			BackupInstance (0ms)
			ReleaseScriptingObjects (0ms)
			CreateAndSetChildDomain (1ms)
		EndReloadAssembly (427ms)
			LoadAssemblies (72ms)
			RebuildTransferFunctionScriptingTraits (0ms)
			SetupTypeCache (108ms)
			ReleaseScriptCaches (0ms)
			RebuildScriptCaches (27ms)
			SetupLoadedEditorAssemblies (243ms)
				LogAssemblyErrors (0ms)
				InitializePlatformSupportModulesInManaged (8ms)
				SetLoadedEditorAssemblies (0ms)
				RefreshPlugins (76ms)
				BeforeProcessingInitializeOnLoad (1ms)
				ProcessInitializeOnLoadAttributes (115ms)
				ProcessInitializeOnLoadMethodAttributes (43ms)
				AfterProcessingInitializeOnLoad (0ms)
				EditorAssembliesLoaded (0ms)
			ExecutionOrderSort2 (0ms)
			AwakeInstancesAfterBackupRestoration (0ms)
Platform modules already initialized, skipping
Registering precompiled user dll's ...
Registered in 0.007925 seconds.
Begin MonoManager ReloadAssembly
Symbol file LoadedFromMemory doesn't match image C:\Users\fidel\Documents\octavo semestre\programacion de videojuegos\PLA\Library\PackageCache\com.unity.visualscripting@1.8.0\Editor\VisualScripting.Core\Dependencies\YamlDotNet\Unity.VisualScripting.YamlDotNet.dll
Symbol file LoadedFromMemory doesn't match image C:\Users\fidel\Documents\octavo semestre\programacion de videojuegos\PLA\Library\PackageCache\com.unity.visualscripting@1.8.0\Editor\VisualScripting.Core\Dependencies\DotNetZip\Unity.VisualScripting.IonicZip.dll
Native extension for WindowsStandalone target not found
Native extension for WebGL target not found
Refreshing native plugins compatible for Editor in 87.42 ms, found 3 plugins.
Preloading 0 native plugins for Editor in 0.00 ms.
Mono: successfully reloaded assembly
- Completed reload, in  1.445 seconds
Domain Reload Profiling:
	ReloadAssembly (1446ms)
		BeginReloadAssembly (138ms)
			ExecutionOrderSort (0ms)
			DisableScriptedObjects (6ms)
			BackupInstance (0ms)
			ReleaseScriptingObjects (0ms)
			CreateAndSetChildDomain (20ms)
		EndReloadAssembly (1170ms)
			LoadAssemblies (108ms)
			RebuildTransferFunctionScriptingTraits (0ms)
			SetupTypeCache (391ms)
			ReleaseScriptCaches (1ms)
			RebuildScriptCaches (67ms)
			SetupLoadedEditorAssemblies (566ms)
				LogAssemblyErrors (0ms)
				InitializePlatformSupportModulesInManaged (6ms)
				SetLoadedEditorAssemblies (0ms)
				RefreshPlugins (88ms)
				BeforeProcessingInitializeOnLoad (94ms)
				ProcessInitializeOnLoadAttributes (338ms)
				ProcessInitializeOnLoadMethodAttributes (30ms)
				AfterProcessingInitializeOnLoad (9ms)
				EditorAssembliesLoaded (0ms)
			ExecutionOrderSort2 (0ms)
			AwakeInstancesAfterBackupRestoration (7ms)
Platform modules already initialized, skipping
========================================================================
Worker process is ready to serve import requests
Launched and connected shader compiler UnityShaderCompiler.exe after 0.06 seconds
Refreshing native plugins compatible for Editor in 0.67 ms, found 3 plugins.
Preloading 0 native plugins for Editor in 0.00 ms.
Unloading 3652 Unused Serialized files (Serialized files now loaded: 0)
Unloading 39 unused Assets / (129.0 KB). Loaded Objects now: 4114.
Memory consumption went from 134.4 MB to 134.3 MB.
Total: 4.241000 ms (FindLiveObjects: 0.308400 ms CreateObjectMapping: 0.279000 ms MarkObjects: 3.509400 ms  DeleteObjects: 0.142900 ms)

AssetImportParameters requested are different than current active one (requested -> active):
  custom:video-decoder-ogg-theora: a1e56fd34408186e4bbccfd4996cb3dc -> 
  custom:container-muxer-webm: aa71ff27fc2769a1b78a27578f13a17b -> 
  custom:container-demuxer-webm: 4f35f7cbe854078d1ac9338744f61a02 -> 
  custom:video-encoder-webm-vp8: eb34c28f22e8b96e1ab97ce403110664 -> 
  custom:audio-encoder-webm-vorbis: bf7c407c2cedff20999df2af8eb42d56 -> 
  custom:framework-win-MediaFoundation: 216162199b28c13a410421893ffa2e32 -> 
  custom:container-demuxer-ogg: 62fdf1f143b41e24485cea50d1cbac27 -> 
  custom:video-decoder-webm-vp8: 9c59270c3fd7afecdb556c50c9e8de78 -> 
  custom:audio-decoder-ogg-vorbis: bf7c407c2cedff20999df2af8eb42d56 -> 
========================================================================
Received Import Request.
  Time since last request: 219493.669890 seconds.
  path: Assets/maze/floor/Fabric025_1K_Color.jpg
  artifactKey: Guid(524db49166a2fb74ab7c26175870dead) Importer(815301076,1909f56bfc062723c751e8b465ee728b)
Start importing Assets/maze/floor/Fabric025_1K_Color.jpg using Guid(524db49166a2fb74ab7c26175870dead) Importer(815301076,1909f56bfc062723c751e8b465ee728b)  -> (artifact id: '7e0ef451fb78a6654162f9b6f9afa1eb') in 0.077560 seconds 
========================================================================
Received Import Request.
  Time since last request: 0.000027 seconds.
  path: Assets/maze/floor/Fabric025_1K_Roughness.jpg
  artifactKey: Guid(826e9bcdd2bca354fbaceb1a184843f2) Importer(815301076,1909f56bfc062723c751e8b465ee728b)
Start importing Assets/maze/floor/Fabric025_1K_Roughness.jpg using Guid(826e9bcdd2bca354fbaceb1a184843f2) Importer(815301076,1909f56bfc062723c751e8b465ee728b)  -> (artifact id: '8c9e7873d817c965bd29820ea4c8c653') in 0.017115 seconds 
========================================================================
Received Import Request.
  Time since last request: 0.000025 seconds.
  path: Assets/maze/floor/Fabric025_1K_NormalDX.jpg
  artifactKey: Guid(2d682efaf0ff9a141a3495abd98f3953) Importer(815301076,1909f56bfc062723c751e8b465ee728b)
Start importing Assets/maze/floor/Fabric025_1K_NormalDX.jpg using Guid(2d682efaf0ff9a141a3495abd98f3953) Importer(815301076,1909f56bfc062723c751e8b465ee728b)  -> (artifact id: '2b9ab164edc2a8f6848ad2f3ecbd45a8') in 0.042430 seconds 
========================================================================
Received Import Request.
  Time since last request: 0.000022 seconds.
  path: Assets/maze/floor/floor.mat
  artifactKey: Guid(542c9cce32897ce40b6cd36617725734) Importer(815301076,1909f56bfc062723c751e8b465ee728b)
Start importing Assets/maze/floor/floor.mat using Guid(542c9cce32897ce40b6cd36617725734) Importer(815301076,1909f56bfc062723c751e8b465ee728b)  -> (artifact id: '3cdbc7ce485fb620fb70dae698eaf5ae') in 0.394310 seconds 
========================================================================
Received Import Request.
  Time since last request: 23.322169 seconds.
  path: Assets/maze/ceiling/ceiling.mat
  artifactKey: Guid(735a9adec11d5b64aa517375b7d448f5) Importer(815301076,1909f56bfc062723c751e8b465ee728b)
Start importing Assets/maze/ceiling/ceiling.mat using Guid(735a9adec11d5b64aa517375b7d448f5) Importer(815301076,1909f56bfc062723c751e8b465ee728b)  -> (artifact id: '52657f57a5ecc9f3e73b4c461e358413') in 0.022824 seconds 
========================================================================
Received Import Request.
  Time since last request: 0.000035 seconds.
  path: Assets/maze/ceiling/OfficeCeiling001_1K_Metalness.jpg
  artifactKey: Guid(41d1e22898890c74aae0b9a0531a99a4) Importer(815301076,1909f56bfc062723c751e8b465ee728b)
Start importing Assets/maze/ceiling/OfficeCeiling001_1K_Metalness.jpg using Guid(41d1e22898890c74aae0b9a0531a99a4) Importer(815301076,1909f56bfc062723c751e8b465ee728b)  -> (artifact id: 'cfff2677d40e2d0116adf3a4c6b522ae') in 0.016324 seconds 
========================================================================
Received Import Request.
  Time since last request: 0.000025 seconds.
  path: Assets/maze/ceiling/OfficeCeiling001_PREVIEW.jpg
  artifactKey: Guid(5d98d064ea3c4fd40a88bcfe6d19a72d) Importer(815301076,1909f56bfc062723c751e8b465ee728b)
Start importing Assets/maze/ceiling/OfficeCeiling001_PREVIEW.jpg using Guid(5d98d064ea3c4fd40a88bcfe6d19a72d) Importer(815301076,1909f56bfc062723c751e8b465ee728b)  -> (artifact id: '9dc54a34eb3cfcd2211d1d87689931d4') in 0.016581 seconds 
========================================================================
Received Import Request.
  Time since last request: 0.000032 seconds.
  path: Assets/maze/ceiling/OfficeCeiling001_1K_Emission.jpg
  artifactKey: Guid(97eb73d26890b7e44a466ef50330fc19) Importer(815301076,1909f56bfc062723c751e8b465ee728b)
Start importing Assets/maze/ceiling/OfficeCeiling001_1K_Emission.jpg using Guid(97eb73d26890b7e44a466ef50330fc19) Importer(815301076,1909f56bfc062723c751e8b465ee728b)  -> (artifact id: '93a7b6df379421bfcc819e221b194eec') in 0.014319 seconds 
========================================================================
Received Import Request.
  Time since last request: 7.142491 seconds.
  path: Assets/maze/walls/wall.mat
  artifactKey: Guid(0537903310b9b1348a3479fada6c6494) Importer(815301076,1909f56bfc062723c751e8b465ee728b)
Start importing Assets/maze/walls/wall.mat using Guid(0537903310b9b1348a3479fada6c6494) Importer(815301076,1909f56bfc062723c751e8b465ee728b)  -> (artifact id: 'c707bff4f5f0d9281000bb2f39ae98c0') in 0.015147 seconds 
Editor requested this worker to shutdown with reason: Scaling down because of idle timeout
AssetImportWorker is now disconnected from the server
Process exiting
Exiting without the bug reporter. Application will terminate with return code 0